{"/home/user/recipe-book/app/src/app/_layout.tsx": {"path":"/home/user/recipe-book/app/src/app/_layout.tsx","statementMap":{"0":{"start":{"line":11,"column":2},"end":{"line":17,"column":9}},"1":{"start":{"line":12,"column":4},"end":{"line":12,"column":14}},"2":{"start":{"line":13,"column":25},"end":{"line":15,"column":6}},"3":{"start":{"line":14,"column":6},"end":{"line":14,"column":42}},"4":{"start":{"line":14,"column":30},"end":{"line":14,"column":42}},"5":{"start":{"line":16,"column":4},"end":{"line":16,"column":39}},"6":{"start":{"line":16,"column":17},"end":{"line":16,"column":38}},"7":{"start":{"line":19,"column":2},"end":{"line":37,"column":4}}},"fnMap":{"0":{"name":"RootLayout","decl":{"start":{"line":9,"column":24},"end":{"line":9,"column":34}},"loc":{"start":{"line":9,"column":37},"end":{"line":38,"column":1}},"line":9},"1":{"name":"(anonymous_1)","decl":{"start":{"line":11,"column":12},"end":{"line":11,"column":13}},"loc":{"start":{"line":11,"column":18},"end":{"line":17,"column":3}},"line":11},"2":{"name":"(anonymous_2)","decl":{"start":{"line":13,"column":61},"end":{"line":13,"column":62}},"loc":{"start":{"line":13,"column":72},"end":{"line":15,"column":5}},"line":13},"3":{"name":"(anonymous_3)","decl":{"start":{"line":16,"column":11},"end":{"line":16,"column":12}},"loc":{"start":{"line":16,"column":17},"end":{"line":16,"column":38}},"line":16}},"branchMap":{"0":{"loc":{"start":{"line":14,"column":6},"end":{"line":14,"column":42}},"type":"if","locations":[{"start":{"line":14,"column":6},"end":{"line":14,"column":42}},{"start":{},"end":{}}],"line":14}},"s":{"0":0,"1":0,"2":0,"3":0,"4":0,"5":0,"6":0,"7":0},"f":{"0":0,"1":0,"2":0,"3":0},"b":{"0":[0,0]}}
,"/home/user/recipe-book/app/src/app/edit.tsx": {"path":"/home/user/recipe-book/app/src/app/edit.tsx","statementMap":{"0":{"start":{"line":20,"column":17},"end":{"line":20,"column":56}},"1":{"start":{"line":21,"column":17},"end":{"line":21,"column":28}},"2":{"start":{"line":22,"column":18},"end":{"line":22,"column":34}},"3":{"start":{"line":24,"column":26},"end":{"line":24,"column":38}},"4":{"start":{"line":25,"column":48},"end":{"line":25,"column":60}},"5":{"start":{"line":26,"column":32},"end":{"line":26,"column":49}},"6":{"start":{"line":28,"column":2},"end":{"line":38,"column":20}},"7":{"start":{"line":29,"column":4},"end":{"line":29,"column":25}},"8":{"start":{"line":29,"column":18},"end":{"line":29,"column":25}},"9":{"start":{"line":30,"column":4},"end":{"line":37,"column":40}},"10":{"start":{"line":32,"column":8},"end":{"line":35,"column":9}},"11":{"start":{"line":33,"column":10},"end":{"line":33,"column":26}},"12":{"start":{"line":34,"column":10},"end":{"line":34,"column":55}},"13":{"start":{"line":37,"column":21},"end":{"line":37,"column":38}},"14":{"start":{"line":40,"column":15},"end":{"line":56,"column":3}},"15":{"start":{"line":41,"column":24},"end":{"line":41,"column":35}},"16":{"start":{"line":42,"column":4},"end":{"line":45,"column":5}},"17":{"start":{"line":43,"column":6},"end":{"line":43,"column":61}},"18":{"start":{"line":44,"column":6},"end":{"line":44,"column":13}},"19":{"start":{"line":46,"column":24},"end":{"line":49,"column":22}},"20":{"start":{"line":48,"column":21},"end":{"line":48,"column":32}},"21":{"start":{"line":53,"column":4},"end":{"line":53,"column":88}},"22":{"start":{"line":54,"column":4},"end":{"line":54,"column":14}},"23":{"start":{"line":55,"column":4},"end":{"line":55,"column":18}},"24":{"start":{"line":58,"column":2},"end":{"line":94,"column":4}},"25":{"start":{"line":97,"column":15},"end":{"line":121,"column":2}}},"fnMap":{"0":{"name":"EditRecipeScreen","decl":{"start":{"line":19,"column":24},"end":{"line":19,"column":40}},"loc":{"start":{"line":19,"column":43},"end":{"line":95,"column":1}},"line":19},"1":{"name":"(anonymous_1)","decl":{"start":{"line":28,"column":12},"end":{"line":28,"column":13}},"loc":{"start":{"line":28,"column":18},"end":{"line":38,"column":3}},"line":28},"2":{"name":"(anonymous_2)","decl":{"start":{"line":31,"column":12},"end":{"line":31,"column":13}},"loc":{"start":{"line":31,"column":19},"end":{"line":36,"column":7}},"line":31},"3":{"name":"(anonymous_3)","decl":{"start":{"line":37,"column":15},"end":{"line":37,"column":16}},"loc":{"start":{"line":37,"column":21},"end":{"line":37,"column":38}},"line":37},"4":{"name":"(anonymous_4)","decl":{"start":{"line":40,"column":15},"end":{"line":40,"column":16}},"loc":{"start":{"line":40,"column":27},"end":{"line":56,"column":3}},"line":40},"5":{"name":"(anonymous_5)","decl":{"start":{"line":48,"column":11},"end":{"line":48,"column":12}},"loc":{"start":{"line":48,"column":21},"end":{"line":48,"column":32}},"line":48}},"branchMap":{"0":{"loc":{"start":{"line":29,"column":4},"end":{"line":29,"column":25}},"type":"if","locations":[{"start":{"line":29,"column":4},"end":{"line":29,"column":25}},{"start":{},"end":{}}],"line":29},"1":{"loc":{"start":{"line":32,"column":8},"end":{"line":35,"column":9}},"type":"if","locations":[{"start":{"line":32,"column":8},"end":{"line":35,"column":9}},{"start":{},"end":{}}],"line":32},"2":{"loc":{"start":{"line":42,"column":4},"end":{"line":45,"column":5}},"type":"if","locations":[{"start":{"line":42,"column":4},"end":{"line":45,"column":5}},{"start":{},"end":{}}],"line":42},"3":{"loc":{"start":{"line":53,"column":28},"end":{"line":53,"column":52}},"type":"cond-expr","locations":[{"start":{"line":53,"column":38},"end":{"line":53,"column":40}},{"start":{"line":53,"column":43},"end":{"line":53,"column":52}}],"line":53},"4":{"loc":{"start":{"line":61,"column":16},"end":{"line":61,"column":61}},"type":"cond-expr","locations":[{"start":{"line":61,"column":40},"end":{"line":61,"column":49}},{"start":{"line":61,"column":52},"end":{"line":61,"column":61}}],"line":61},"5":{"loc":{"start":{"line":63,"column":38},"end":{"line":63,"column":76}},"type":"cond-expr","locations":[{"start":{"line":63,"column":48},"end":{"line":63,"column":61}},{"start":{"line":63,"column":64},"end":{"line":63,"column":76}}],"line":63},"6":{"loc":{"start":{"line":64,"column":7},"end":{"line":92,"column":7}},"type":"cond-expr","locations":[{"start":{"line":65,"column":8},"end":{"line":65,"column":74}},{"start":{"line":67,"column":8},"end":{"line":91,"column":21}}],"line":64}},"s":{"0":8,"1":8,"2":8,"3":8,"4":8,"5":8,"6":8,"7":3,"8":2,"9":1,"10":1,"11":1,"12":1,"13":1,"14":8,"15":3,"16":3,"17":1,"18":1,"19":2,"20":6,"21":2,"22":2,"23":2,"24":8,"25":1},"f":{"0":8,"1":3,"2":1,"3":1,"4":3,"5":6},"b":{"0":[2,1],"1":[1,0],"2":[1,2],"3":[1,1],"4":[8,0],"5":[3,5],"6":[1,7]},"_coverageSchema":"1a1c01bbd47fc00a2c39e90264f33305004495a9","hash":"54a08953999b7892182f308ad28f4fe2f2812668"}
,"/home/user/recipe-book/app/src/app/index.tsx": {"path":"/home/user/recipe-book/app/src/app/index.tsx","statementMap":{"0":{"start":{"line":19,"column":17},"end":{"line":19,"column":28}},"1":{"start":{"line":20,"column":32},"end":{"line":20,"column":54}},"2":{"start":{"line":21,"column":32},"end":{"line":21,"column":43}},"3":{"start":{"line":22,"column":36},"end":{"line":22,"column":65}},"4":{"start":{"line":23,"column":32},"end":{"line":23,"column":47}},"5":{"start":{"line":24,"column":44},"end":{"line":24,"column":59}},"6":{"start":{"line":26,"column":20},"end":{"line":29,"column":8}},"7":{"start":{"line":27,"column":4},"end":{"line":27,"column":35}},"8":{"start":{"line":28,"column":4},"end":{"line":28,"column":37}},"9":{"start":{"line":32,"column":2},"end":{"line":35,"column":18}},"10":{"start":{"line":33,"column":4},"end":{"line":33,"column":16}},"11":{"start":{"line":34,"column":4},"end":{"line":34,"column":32}},"12":{"start":{"line":38,"column":2},"end":{"line":45,"column":4}},"13":{"start":{"line":40,"column":6},"end":{"line":43,"column":9}},"14":{"start":{"line":41,"column":8},"end":{"line":41,"column":42}},"15":{"start":{"line":42,"column":8},"end":{"line":42,"column":49}},"16":{"start":{"line":42,"column":30},"end":{"line":42,"column":49}},"17":{"start":{"line":47,"column":15},"end":{"line":52,"column":8}},"18":{"start":{"line":48,"column":4},"end":{"line":48,"column":21}},"19":{"start":{"line":49,"column":19},"end":{"line":49,"column":34}},"20":{"start":{"line":50,"column":4},"end":{"line":50,"column":69}},"21":{"start":{"line":51,"column":4},"end":{"line":51,"column":22}},"22":{"start":{"line":54,"column":24},"end":{"line":66,"column":3}},"23":{"start":{"line":55,"column":4},"end":{"line":65,"column":7}},"24":{"start":{"line":61,"column":10},"end":{"line":61,"column":39}},"25":{"start":{"line":62,"column":10},"end":{"line":62,"column":20}},"26":{"start":{"line":68,"column":21},"end":{"line":68,"column":73}},"27":{"start":{"line":70,"column":2},"end":{"line":126,"column":4}},"28":{"start":{"line":87,"column":32},"end":{"line":87,"column":39}},"29":{"start":{"line":96,"column":10},"end":{"line":109,"column":22}},"30":{"start":{"line":98,"column":27},"end":{"line":98,"column":93}},"31":{"start":{"line":99,"column":31},"end":{"line":99,"column":50}},"32":{"start":{"line":129,"column":15},"end":{"line":185,"column":2}}},"fnMap":{"0":{"name":"RecipeListScreen","decl":{"start":{"line":18,"column":24},"end":{"line":18,"column":40}},"loc":{"start":{"line":18,"column":43},"end":{"line":127,"column":1}},"line":18},"1":{"name":"(anonymous_1)","decl":{"start":{"line":26,"column":32},"end":{"line":26,"column":33}},"loc":{"start":{"line":26,"column":44},"end":{"line":29,"column":3}},"line":26},"2":{"name":"(anonymous_2)","decl":{"start":{"line":32,"column":12},"end":{"line":32,"column":13}},"loc":{"start":{"line":32,"column":18},"end":{"line":35,"column":3}},"line":32},"3":{"name":"(anonymous_3)","decl":{"start":{"line":39,"column":16},"end":{"line":39,"column":17}},"loc":{"start":{"line":39,"column":22},"end":{"line":44,"column":5}},"line":39},"4":{"name":"(anonymous_4)","decl":{"start":{"line":40,"column":26},"end":{"line":40,"column":27}},"loc":{"start":{"line":40,"column":33},"end":{"line":43,"column":7}},"line":40},"5":{"name":"(anonymous_5)","decl":{"start":{"line":47,"column":27},"end":{"line":47,"column":28}},"loc":{"start":{"line":47,"column":39},"end":{"line":52,"column":3}},"line":47},"6":{"name":"(anonymous_6)","decl":{"start":{"line":54,"column":24},"end":{"line":54,"column":25}},"loc":{"start":{"line":54,"column":44},"end":{"line":66,"column":3}},"line":54},"7":{"name":"(anonymous_7)","decl":{"start":{"line":60,"column":17},"end":{"line":60,"column":18}},"loc":{"start":{"line":60,"column":29},"end":{"line":63,"column":9}},"line":60},"8":{"name":"(anonymous_8)","decl":{"start":{"line":87,"column":22},"end":{"line":87,"column":23}},"loc":{"start":{"line":87,"column":32},"end":{"line":87,"column":39}},"line":87},"9":{"name":"(anonymous_9)","decl":{"start":{"line":95,"column":20},"end":{"line":95,"column":21}},"loc":{"start":{"line":96,"column":10},"end":{"line":109,"column":22}},"line":96},"10":{"name":"(anonymous_10)","decl":{"start":{"line":98,"column":21},"end":{"line":98,"column":22}},"loc":{"start":{"line":98,"column":27},"end":{"line":98,"column":93}},"line":98},"11":{"name":"(anonymous_11)","decl":{"start":{"line":99,"column":25},"end":{"line":99,"column":26}},"loc":{"start":{"line":99,"column":31},"end":{"line":99,"column":50}},"line":99}},"branchMap":{"0":{"loc":{"start":{"line":42,"column":8},"end":{"line":42,"column":49}},"type":"if","locations":[{"start":{"line":42,"column":8},"end":{"line":42,"column":49}},{"start":{},"end":{}}],"line":42},"1":{"loc":{"start":{"line":50,"column":17},"end":{"line":50,"column":67}},"type":"cond-expr","locations":[{"start":{"line":50,"column":29},"end":{"line":50,"column":33}},{"start":{"line":50,"column":37},"end":{"line":50,"column":66}}],"line":50},"2":{"loc":{"start":{"line":50,"column":37},"end":{"line":50,"column":66}},"type":"binary-expr","locations":[{"start":{"line":50,"column":37},"end":{"line":50,"column":49}},{"start":{"line":50,"column":53},"end":{"line":50,"column":66}}],"line":50},"3":{"loc":{"start":{"line":68,"column":21},"end":{"line":68,"column":73}},"type":"binary-expr","locations":[{"start":{"line":68,"column":21},"end":{"line":68,"column":34}},{"start":{"line":68,"column":39},"end":{"line":68,"column":50}},{"start":{"line":68,"column":54},"end":{"line":68,"column":72}}],"line":68},"4":{"loc":{"start":{"line":72,"column":7},"end":{"line":83,"column":7}},"type":"binary-expr","locations":[{"start":{"line":72,"column":7},"end":{"line":72,"column":17}},{"start":{"line":73,"column":8},"end":{"line":82,"column":20}}],"line":72},"5":{"loc":{"start":{"line":75,"column":13},"end":{"line":79,"column":26}},"type":"cond-expr","locations":[{"start":{"line":76,"column":16},"end":{"line":76,"column":26}},{"start":{"line":77,"column":16},"end":{"line":79,"column":26}}],"line":75},"6":{"loc":{"start":{"line":77,"column":16},"end":{"line":79,"column":26}},"type":"cond-expr","locations":[{"start":{"line":78,"column":18},"end":{"line":78,"column":95}},{"start":{"line":79,"column":18},"end":{"line":79,"column":26}}],"line":77},"7":{"loc":{"start":{"line":78,"column":38},"end":{"line":78,"column":62}},"type":"cond-expr","locations":[{"start":{"line":78,"column":54},"end":{"line":78,"column":56}},{"start":{"line":78,"column":59},"end":{"line":78,"column":62}}],"line":78},"8":{"loc":{"start":{"line":81,"column":11},"end":{"line":81,"column":88}},"type":"binary-expr","locations":[{"start":{"line":81,"column":11},"end":{"line":81,"column":19}},{"start":{"line":81,"column":23},"end":{"line":81,"column":32}},{"start":{"line":81,"column":36},"end":{"line":81,"column":88}}],"line":81},"9":{"loc":{"start":{"line":88,"column":31},"end":{"line":88,"column":82}},"type":"cond-expr","locations":[{"start":{"line":88,"column":54},"end":{"line":88,"column":68}},{"start":{"line":88,"column":71},"end":{"line":88,"column":82}}],"line":88},"10":{"loc":{"start":{"line":103,"column":15},"end":{"line":103,"column":67}},"type":"binary-expr","locations":[{"start":{"line":103,"column":15},"end":{"line":103,"column":25}},{"start":{"line":103,"column":29},"end":{"line":103,"column":67}}],"line":103},"11":{"loc":{"start":{"line":107,"column":15},"end":{"line":107,"column":75}},"type":"cond-expr","locations":[{"start":{"line":107,"column":47},"end":{"line":107,"column":59}},{"start":{"line":107,"column":62},"end":{"line":107,"column":75}}],"line":107}},"s":{"0":16,"1":16,"2":16,"3":16,"4":16,"5":16,"6":16,"7":8,"8":8,"9":16,"10":7,"11":7,"12":16,"13":7,"14":7,"15":7,"16":5,"17":16,"18":1,"19":1,"20":1,"21":1,"22":16,"23":1,"24":1,"25":1,"26":16,"27":16,"28":45,"29":38,"30":1,"31":1,"32":1},"f":{"0":16,"1":8,"2":7,"3":7,"4":7,"5":1,"6":1,"7":1,"8":45,"9":38,"10":1,"11":1},"b":{"0":[5,2],"1":[0,1],"2":[1,0],"3":[16,3,0],"4":[16,3],"5":[0,3],"6":[3,0],"7":[0,3],"8":[3,3,1],"9":[8,8],"10":[38,38],"11":[8,30]},"_coverageSchema":"1a1c01bbd47fc00a2c39e90264f33305004495a9","hash":"7104d532a4be872f0bf2984c514bca991717f156"}
,"/home/user/recipe-book/app/src/app/settings.tsx": {"path":"/home/user/recipe-book/app/src/app/settings.tsx","statementMap":{"0":{"start":{"line":21,"column":44},"end":{"line":21,"column":59}},"1":{"start":{"line":22,"column":36},"end":{"line":22,"column":48}},"2":{"start":{"line":23,"column":30},"end":{"line":23,"column":42}},"3":{"start":{"line":24,"column":30},"end":{"line":24,"column":45}},"4":{"start":{"line":25,"column":32},"end":{"line":25,"column":47}},"5":{"start":{"line":26,"column":30},"end":{"line":26,"column":59}},"6":{"start":{"line":28,"column":2},"end":{"line":35,"column":9}},"7":{"start":{"line":29,"column":4},"end":{"line":34,"column":7}},"8":{"start":{"line":30,"column":6},"end":{"line":30,"column":40}},"9":{"start":{"line":31,"column":6},"end":{"line":31,"column":32}},"10":{"start":{"line":32,"column":6},"end":{"line":32,"column":26}},"11":{"start":{"line":33,"column":6},"end":{"line":33,"column":22}},"12":{"start":{"line":37,"column":23},"end":{"line":46,"column":3}},"13":{"start":{"line":38,"column":4},"end":{"line":38,"column":30}},"14":{"start":{"line":39,"column":4},"end":{"line":45,"column":5}},"15":{"start":{"line":40,"column":6},"end":{"line":40,"column":72}},"16":{"start":{"line":41,"column":6},"end":{"line":41,"column":29}},"17":{"start":{"line":41,"column":19},"end":{"line":41,"column":29}},"18":{"start":{"line":43,"column":6},"end":{"line":43,"column":33}},"19":{"start":{"line":44,"column":6},"end":{"line":44,"column":56}},"20":{"start":{"line":48,"column":15},"end":{"line":52,"column":3}},"21":{"start":{"line":49,"column":4},"end":{"line":49,"column":61}},"22":{"start":{"line":50,"column":4},"end":{"line":50,"column":48}},"23":{"start":{"line":51,"column":4},"end":{"line":51,"column":24}},"24":{"start":{"line":54,"column":25},"end":{"line":84,"column":3}},"25":{"start":{"line":55,"column":17},"end":{"line":55,"column":46}},"26":{"start":{"line":56,"column":4},"end":{"line":59,"column":5}},"27":{"start":{"line":57,"column":6},"end":{"line":57,"column":49}},"28":{"start":{"line":58,"column":6},"end":{"line":58,"column":13}},"29":{"start":{"line":60,"column":4},"end":{"line":60,"column":21}},"30":{"start":{"line":61,"column":4},"end":{"line":61,"column":20}},"31":{"start":{"line":62,"column":4},"end":{"line":83,"column":5}},"32":{"start":{"line":63,"column":23},"end":{"line":65,"column":8}},"33":{"start":{"line":66,"column":6},"end":{"line":78,"column":7}},"34":{"start":{"line":67,"column":8},"end":{"line":67,"column":70}},"35":{"start":{"line":68,"column":13},"end":{"line":78,"column":7}},"36":{"start":{"line":69,"column":8},"end":{"line":69,"column":68}},"37":{"start":{"line":71,"column":23},"end":{"line":71,"column":67}},"38":{"start":{"line":72,"column":26},"end":{"line":72,"column":50}},"39":{"start":{"line":73,"column":8},"end":{"line":77,"column":10}},"40":{"start":{"line":80,"column":6},"end":{"line":80,"column":83}},"41":{"start":{"line":82,"column":6},"end":{"line":82,"column":24}},"42":{"start":{"line":86,"column":2},"end":{"line":86,"column":27}},"43":{"start":{"line":86,"column":15},"end":{"line":86,"column":27}},"44":{"start":{"line":88,"column":2},"end":{"line":167,"column":4}},"45":{"start":{"line":144,"column":16},"end":{"line":144,"column":87}},"46":{"start":{"line":144,"column":36},"end":{"line":144,"column":85}},"47":{"start":{"line":170,"column":15},"end":{"line":214,"column":2}}},"fnMap":{"0":{"name":"SettingsScreen","decl":{"start":{"line":20,"column":24},"end":{"line":20,"column":38}},"loc":{"start":{"line":20,"column":41},"end":{"line":168,"column":1}},"line":20},"1":{"name":"(anonymous_1)","decl":{"start":{"line":28,"column":12},"end":{"line":28,"column":13}},"loc":{"start":{"line":28,"column":18},"end":{"line":35,"column":3}},"line":28},"2":{"name":"(anonymous_2)","decl":{"start":{"line":29,"column":24},"end":{"line":29,"column":25}},"loc":{"start":{"line":29,"column":31},"end":{"line":34,"column":5}},"line":29},"3":{"name":"(anonymous_3)","decl":{"start":{"line":37,"column":23},"end":{"line":37,"column":24}},"loc":{"start":{"line":37,"column":51},"end":{"line":46,"column":3}},"line":37},"4":{"name":"(anonymous_4)","decl":{"start":{"line":48,"column":15},"end":{"line":48,"column":16}},"loc":{"start":{"line":48,"column":27},"end":{"line":52,"column":3}},"line":48},"5":{"name":"(anonymous_5)","decl":{"start":{"line":54,"column":25},"end":{"line":54,"column":26}},"loc":{"start":{"line":54,"column":37},"end":{"line":84,"column":3}},"line":54},"6":{"name":"(anonymous_6)","decl":{"start":{"line":143,"column":23},"end":{"line":143,"column":24}},"loc":{"start":{"line":143,"column":29},"end":{"line":145,"column":15}},"line":143},"7":{"name":"(anonymous_7)","decl":{"start":{"line":144,"column":29},"end":{"line":144,"column":30}},"loc":{"start":{"line":144,"column":36},"end":{"line":144,"column":85}},"line":144}},"branchMap":{"0":{"loc":{"start":{"line":41,"column":6},"end":{"line":41,"column":29}},"type":"if","locations":[{"start":{"line":41,"column":6},"end":{"line":41,"column":29}},{"start":{},"end":{}}],"line":41},"1":{"loc":{"start":{"line":56,"column":4},"end":{"line":59,"column":5}},"type":"if","locations":[{"start":{"line":56,"column":4},"end":{"line":59,"column":5}},{"start":{},"end":{}}],"line":56},"2":{"loc":{"start":{"line":66,"column":6},"end":{"line":78,"column":7}},"type":"if","locations":[{"start":{"line":66,"column":6},"end":{"line":78,"column":7}},{"start":{"line":68,"column":13},"end":{"line":78,"column":7}}],"line":66},"3":{"loc":{"start":{"line":68,"column":13},"end":{"line":78,"column":7}},"type":"if","locations":[{"start":{"line":68,"column":13},"end":{"line":78,"column":7}},{"start":{"line":70,"column":13},"end":{"line":78,"column":7}}],"line":68},"4":{"loc":{"start":{"line":74,"column":10},"end":{"line":76,"column":56}},"type":"cond-expr","locations":[{"start":{"line":75,"column":14},"end":{"line":75,"column":76}},{"start":{"line":76,"column":14},"end":{"line":76,"column":56}}],"line":74},"5":{"loc":{"start":{"line":86,"column":2},"end":{"line":86,"column":27}},"type":"if","locations":[{"start":{"line":86,"column":2},"end":{"line":86,"column":27}},{"start":{},"end":{}}],"line":86},"6":{"loc":{"start":{"line":91,"column":16},"end":{"line":91,"column":61}},"type":"cond-expr","locations":[{"start":{"line":91,"column":40},"end":{"line":91,"column":49}},{"start":{"line":91,"column":52},"end":{"line":91,"column":61}}],"line":91},"7":{"loc":{"start":{"line":111,"column":9},"end":{"line":164,"column":9}},"type":"binary-expr","locations":[{"start":{"line":111,"column":9},"end":{"line":111,"column":22}},{"start":{"line":112,"column":10},"end":{"line":163,"column":13}}],"line":111},"8":{"loc":{"start":{"line":155,"column":15},"end":{"line":159,"column":15}},"type":"cond-expr","locations":[{"start":{"line":156,"column":16},"end":{"line":156,"column":59}},{"start":{"line":158,"column":16},"end":{"line":158,"column":74}}],"line":155},"9":{"loc":{"start":{"line":162,"column":13},"end":{"line":162,"column":66}},"type":"binary-expr","locations":[{"start":{"line":162,"column":13},"end":{"line":162,"column":19}},{"start":{"line":162,"column":23},"end":{"line":162,"column":66}}],"line":162}},"s":{"0":33,"1":33,"2":33,"3":33,"4":33,"5":33,"6":33,"7":10,"8":10,"9":10,"10":10,"11":10,"12":33,"13":2,"14":2,"15":2,"16":2,"17":1,"18":0,"19":0,"20":33,"21":1,"22":1,"23":1,"24":33,"25":6,"26":6,"27":1,"28":1,"29":5,"30":5,"31":5,"32":5,"33":4,"34":1,"35":3,"36":1,"37":2,"38":2,"39":2,"40":1,"41":5,"42":33,"43":10,"44":23,"45":1,"46":0,"47":1},"f":{"0":33,"1":10,"2":10,"3":2,"4":1,"5":6,"6":1,"7":0},"b":{"0":[1,1],"1":[1,5],"2":[1,3],"3":[1,2],"4":[1,1],"5":[10,23],"6":[23,0],"7":[23,20],"8":[2,18],"9":[20,7]},"_coverageSchema":"1a1c01bbd47fc00a2c39e90264f33305004495a9","hash":"0857745b823b542043661f5be0dc4c789817d996"}
,"/home/user/recipe-book/app/src/app/recipe/[id].tsx": {"path":"/home/user/recipe-book/app/src/app/recipe/[id].tsx","statementMap":{"0":{"start":{"line":20,"column":17},"end":{"line":20,"column":55}},"1":{"start":{"line":21,"column":17},"end":{"line":21,"column":28}},"2":{"start":{"line":22,"column":30},"end":{"line":22,"column":59}},"3":{"start":{"line":23,"column":30},"end":{"line":23,"column":45}},"4":{"start":{"line":25,"column":26},"end":{"line":25,"column":58}},"5":{"start":{"line":26,"column":32},"end":{"line":26,"column":47}},"6":{"start":{"line":27,"column":44},"end":{"line":27,"column":59}},"7":{"start":{"line":28,"column":30},"end":{"line":28,"column":45}},"8":{"start":{"line":29,"column":22},"end":{"line":29,"column":72}},"9":{"start":{"line":31,"column":20},"end":{"line":41,"column":10}},"10":{"start":{"line":32,"column":14},"end":{"line":32,"column":33}},"11":{"start":{"line":33,"column":4},"end":{"line":33,"column":17}},"12":{"start":{"line":34,"column":4},"end":{"line":34,"column":20}},"13":{"start":{"line":35,"column":4},"end":{"line":40,"column":5}},"14":{"start":{"line":36,"column":6},"end":{"line":39,"column":9}},"15":{"start":{"line":37,"column":21},"end":{"line":37,"column":79}},"16":{"start":{"line":37,"column":53},"end":{"line":37,"column":77}},"17":{"start":{"line":38,"column":8},"end":{"line":38,"column":53}},"18":{"start":{"line":43,"column":2},"end":{"line":46,"column":18}},"19":{"start":{"line":44,"column":4},"end":{"line":44,"column":16}},"20":{"start":{"line":45,"column":4},"end":{"line":45,"column":32}},"21":{"start":{"line":48,"column":2},"end":{"line":52,"column":4}},"22":{"start":{"line":50,"column":6},"end":{"line":50,"column":68}},"23":{"start":{"line":50,"column":33},"end":{"line":50,"column":66}},"24":{"start":{"line":54,"column":2},"end":{"line":59,"column":4}},"25":{"start":{"line":55,"column":10},"end":{"line":57,"column":5}},"26":{"start":{"line":56,"column":6},"end":{"line":56,"column":65}},"27":{"start":{"line":56,"column":31},"end":{"line":56,"column":65}},"28":{"start":{"line":61,"column":17},"end":{"line":68,"column":3}},"29":{"start":{"line":62,"column":4},"end":{"line":67,"column":7}},"30":{"start":{"line":63,"column":19},"end":{"line":63,"column":32}},"31":{"start":{"line":64,"column":6},"end":{"line":65,"column":27}},"32":{"start":{"line":64,"column":27},"end":{"line":64,"column":46}},"33":{"start":{"line":65,"column":11},"end":{"line":65,"column":27}},"34":{"start":{"line":66,"column":6},"end":{"line":66,"column":18}},"35":{"start":{"line":70,"column":17},"end":{"line":72,"column":8}},"36":{"start":{"line":71,"column":46},"end":{"line":71,"column":62}},"37":{"start":{"line":74,"column":21},"end":{"line":91,"column":3}},"38":{"start":{"line":75,"column":4},"end":{"line":75,"column":47}},"39":{"start":{"line":75,"column":40},"end":{"line":75,"column":47}},"40":{"start":{"line":76,"column":4},"end":{"line":76,"column":21}},"41":{"start":{"line":77,"column":4},"end":{"line":90,"column":5}},"42":{"start":{"line":78,"column":21},"end":{"line":78,"column":44}},"43":{"start":{"line":79,"column":20},"end":{"line":79,"column":83}},"44":{"start":{"line":80,"column":6},"end":{"line":84,"column":7}},"45":{"start":{"line":81,"column":8},"end":{"line":83,"column":10}},"46":{"start":{"line":85,"column":6},"end":{"line":85,"column":59}},"47":{"start":{"line":87,"column":6},"end":{"line":87,"column":90}},"48":{"start":{"line":89,"column":6},"end":{"line":89,"column":24}},"49":{"start":{"line":95,"column":26},"end":{"line":106,"column":3}},"50":{"start":{"line":96,"column":4},"end":{"line":96,"column":36}},"51":{"start":{"line":96,"column":29},"end":{"line":96,"column":36}},"52":{"start":{"line":97,"column":4},"end":{"line":102,"column":5}},"53":{"start":{"line":98,"column":6},"end":{"line":98,"column":56}},"54":{"start":{"line":100,"column":6},"end":{"line":100,"column":47}},"55":{"start":{"line":101,"column":6},"end":{"line":101,"column":13}},"56":{"start":{"line":103,"column":4},"end":{"line":103,"column":20}},"57":{"start":{"line":104,"column":4},"end":{"line":104,"column":63}},"58":{"start":{"line":104,"column":29},"end":{"line":104,"column":63}},"59":{"start":{"line":105,"column":4},"end":{"line":105,"column":67}},"60":{"start":{"line":105,"column":43},"end":{"line":105,"column":59}},"61":{"start":{"line":108,"column":2},"end":{"line":204,"column":4}},"62":{"start":{"line":114,"column":12},"end":{"line":121,"column":20}},"63":{"start":{"line":117,"column":31},"end":{"line":117,"column":92}},"64":{"start":{"line":138,"column":40},"end":{"line":138,"column":53}},"65":{"start":{"line":141,"column":30},"end":{"line":141,"column":45}},"66":{"start":{"line":142,"column":14},"end":{"line":151,"column":16}},"67":{"start":{"line":143,"column":61},"end":{"line":143,"column":74}},"68":{"start":{"line":207,"column":15},"end":{"line":263,"column":2}}},"fnMap":{"0":{"name":"RecipeScreen","decl":{"start":{"line":19,"column":24},"end":{"line":19,"column":36}},"loc":{"start":{"line":19,"column":39},"end":{"line":205,"column":1}},"line":19},"1":{"name":"(anonymous_1)","decl":{"start":{"line":31,"column":32},"end":{"line":31,"column":33}},"loc":{"start":{"line":31,"column":44},"end":{"line":41,"column":3}},"line":31},"2":{"name":"(anonymous_2)","decl":{"start":{"line":36,"column":14},"end":{"line":36,"column":15}},"loc":{"start":{"line":36,"column":24},"end":{"line":39,"column":7}},"line":36},"3":{"name":"(anonymous_3)","decl":{"start":{"line":37,"column":46},"end":{"line":37,"column":47}},"loc":{"start":{"line":37,"column":53},"end":{"line":37,"column":77}},"line":37},"4":{"name":"(anonymous_4)","decl":{"start":{"line":43,"column":12},"end":{"line":43,"column":13}},"loc":{"start":{"line":43,"column":18},"end":{"line":46,"column":3}},"line":43},"5":{"name":"(anonymous_5)","decl":{"start":{"line":49,"column":16},"end":{"line":49,"column":17}},"loc":{"start":{"line":49,"column":22},"end":{"line":51,"column":5}},"line":49},"6":{"name":"(anonymous_6)","decl":{"start":{"line":50,"column":26},"end":{"line":50,"column":27}},"loc":{"start":{"line":50,"column":33},"end":{"line":50,"column":66}},"line":50},"7":{"name":"(anonymous_7)","decl":{"start":{"line":55,"column":4},"end":{"line":55,"column":5}},"loc":{"start":{"line":55,"column":10},"end":{"line":57,"column":5}},"line":55},"8":{"name":"(anonymous_8)","decl":{"start":{"line":55,"column":10},"end":{"line":55,"column":11}},"loc":{"start":{"line":55,"column":16},"end":{"line":57,"column":5}},"line":55},"9":{"name":"(anonymous_9)","decl":{"start":{"line":61,"column":17},"end":{"line":61,"column":18}},"loc":{"start":{"line":61,"column":36},"end":{"line":68,"column":3}},"line":61},"10":{"name":"(anonymous_10)","decl":{"start":{"line":62,"column":12},"end":{"line":62,"column":13}},"loc":{"start":{"line":62,"column":22},"end":{"line":67,"column":5}},"line":62},"11":{"name":"(anonymous_11)","decl":{"start":{"line":71,"column":32},"end":{"line":71,"column":33}},"loc":{"start":{"line":71,"column":46},"end":{"line":71,"column":62}},"line":71},"12":{"name":"(anonymous_12)","decl":{"start":{"line":74,"column":21},"end":{"line":74,"column":22}},"loc":{"start":{"line":74,"column":33},"end":{"line":91,"column":3}},"line":74},"13":{"name":"(anonymous_13)","decl":{"start":{"line":95,"column":26},"end":{"line":95,"column":27}},"loc":{"start":{"line":95,"column":38},"end":{"line":106,"column":3}},"line":95},"14":{"name":"(anonymous_14)","decl":{"start":{"line":105,"column":37},"end":{"line":105,"column":38}},"loc":{"start":{"line":105,"column":43},"end":{"line":105,"column":59}},"line":105},"15":{"name":"(anonymous_15)","decl":{"start":{"line":113,"column":23},"end":{"line":113,"column":24}},"loc":{"start":{"line":114,"column":12},"end":{"line":121,"column":20}},"line":114},"16":{"name":"(anonymous_16)","decl":{"start":{"line":117,"column":25},"end":{"line":117,"column":26}},"loc":{"start":{"line":117,"column":31},"end":{"line":117,"column":92}},"line":117},"17":{"name":"(anonymous_17)","decl":{"start":{"line":138,"column":26},"end":{"line":138,"column":27}},"loc":{"start":{"line":138,"column":40},"end":{"line":138,"column":53}},"line":138},"18":{"name":"(anonymous_18)","decl":{"start":{"line":140,"column":24},"end":{"line":140,"column":25}},"loc":{"start":{"line":140,"column":45},"end":{"line":152,"column":13}},"line":140},"19":{"name":"(anonymous_19)","decl":{"start":{"line":143,"column":55},"end":{"line":143,"column":56}},"loc":{"start":{"line":143,"column":61},"end":{"line":143,"column":74}},"line":143}},"branchMap":{"0":{"loc":{"start":{"line":35,"column":4},"end":{"line":40,"column":5}},"type":"if","locations":[{"start":{"line":35,"column":4},"end":{"line":40,"column":5}},{"start":{},"end":{}}],"line":35},"1":{"loc":{"start":{"line":38,"column":15},"end":{"line":38,"column":52}},"type":"cond-expr","locations":[{"start":{"line":38,"column":41},"end":{"line":38,"column":45}},{"start":{"line":38,"column":48},"end":{"line":38,"column":52}}],"line":38},"2":{"loc":{"start":{"line":56,"column":6},"end":{"line":56,"column":65}},"type":"if","locations":[{"start":{"line":56,"column":6},"end":{"line":56,"column":65}},{"start":{},"end":{}}],"line":56},"3":{"loc":{"start":{"line":64,"column":6},"end":{"line":65,"column":27}},"type":"if","locations":[{"start":{"line":64,"column":6},"end":{"line":65,"column":27}},{"start":{"line":65,"column":11},"end":{"line":65,"column":27}}],"line":64},"4":{"loc":{"start":{"line":70,"column":17},"end":{"line":72,"column":8}},"type":"cond-expr","locations":[{"start":{"line":71,"column":6},"end":{"line":71,"column":63}},{"start":{"line":72,"column":6},"end":{"line":72,"column":8}}],"line":70},"5":{"loc":{"start":{"line":75,"column":4},"end":{"line":75,"column":47}},"type":"if","locations":[{"start":{"line":75,"column":4},"end":{"line":75,"column":47}},{"start":{},"end":{}}],"line":75},"6":{"loc":{"start":{"line":75,"column":8},"end":{"line":75,"column":38}},"type":"binary-expr","locations":[{"start":{"line":75,"column":8},"end":{"line":75,"column":27}},{"start":{"line":75,"column":31},"end":{"line":75,"column":38}}],"line":75},"7":{"loc":{"start":{"line":79,"column":50},"end":{"line":79,"column":79}},"type":"cond-expr","locations":[{"start":{"line":79,"column":71},"end":{"line":79,"column":73}},{"start":{"line":79,"column":76},"end":{"line":79,"column":79}}],"line":79},"8":{"loc":{"start":{"line":80,"column":6},"end":{"line":84,"column":7}},"type":"if","locations":[{"start":{"line":80,"column":6},"end":{"line":84,"column":7}},{"start":{},"end":{}}],"line":80},"9":{"loc":{"start":{"line":87,"column":43},"end":{"line":87,"column":88}},"type":"cond-expr","locations":[{"start":{"line":87,"column":67},"end":{"line":87,"column":76}},{"start":{"line":87,"column":79},"end":{"line":87,"column":88}}],"line":87},"10":{"loc":{"start":{"line":96,"column":4},"end":{"line":96,"column":36}},"type":"if","locations":[{"start":{"line":96,"column":4},"end":{"line":96,"column":36}},{"start":{},"end":{}}],"line":96},"11":{"loc":{"start":{"line":104,"column":4},"end":{"line":104,"column":63}},"type":"if","locations":[{"start":{"line":104,"column":4},"end":{"line":104,"column":63}},{"start":{},"end":{}}],"line":104},"12":{"loc":{"start":{"line":112,"column":17},"end":{"line":112,"column":41}},"type":"binary-expr","locations":[{"start":{"line":112,"column":17},"end":{"line":112,"column":29}},{"start":{"line":112,"column":33},"end":{"line":112,"column":41}}],"line":112},"13":{"loc":{"start":{"line":114,"column":12},"end":{"line":121,"column":20}},"type":"cond-expr","locations":[{"start":{"line":115,"column":14},"end":{"line":120,"column":26}},{"start":{"line":121,"column":16},"end":{"line":121,"column":20}}],"line":114},"14":{"loc":{"start":{"line":125,"column":7},"end":{"line":202,"column":7}},"type":"cond-expr","locations":[{"start":{"line":126,"column":8},"end":{"line":128,"column":15}},{"start":{"line":129,"column":10},"end":{"line":202,"column":7}}],"line":125},"15":{"loc":{"start":{"line":129,"column":10},"end":{"line":202,"column":7}},"type":"cond-expr","locations":[{"start":{"line":130,"column":8},"end":{"line":132,"column":15}},{"start":{"line":134,"column":8},"end":{"line":201,"column":11}}],"line":129},"16":{"loc":{"start":{"line":144,"column":49},"end":{"line":144,"column":82}},"type":"binary-expr","locations":[{"start":{"line":144,"column":49},"end":{"line":144,"column":56}},{"start":{"line":144,"column":60},"end":{"line":144,"column":82}}],"line":144},"17":{"loc":{"start":{"line":145,"column":21},"end":{"line":145,"column":71}},"type":"binary-expr","locations":[{"start":{"line":145,"column":21},"end":{"line":145,"column":28}},{"start":{"line":145,"column":32},"end":{"line":145,"column":71}}],"line":145},"18":{"loc":{"start":{"line":147,"column":51},"end":{"line":147,"column":86}},"type":"binary-expr","locations":[{"start":{"line":147,"column":51},"end":{"line":147,"column":58}},{"start":{"line":147,"column":62},"end":{"line":147,"column":86}}],"line":147},"19":{"loc":{"start":{"line":155,"column":13},"end":{"line":174,"column":13}},"type":"binary-expr","locations":[{"start":{"line":155,"column":13},"end":{"line":155,"column":26}},{"start":{"line":156,"column":14},"end":{"line":173,"column":26}}],"line":155},"20":{"loc":{"start":{"line":159,"column":18},"end":{"line":159,"column":79}},"type":"binary-expr","locations":[{"start":{"line":159,"column":19},"end":{"line":159,"column":38}},{"start":{"line":159,"column":42},"end":{"line":159,"column":49}},{"start":{"line":159,"column":54},"end":{"line":159,"column":79}}],"line":159},"21":{"loc":{"start":{"line":161,"column":26},"end":{"line":161,"column":56}},"type":"binary-expr","locations":[{"start":{"line":161,"column":26},"end":{"line":161,"column":45}},{"start":{"line":161,"column":49},"end":{"line":161,"column":56}}],"line":161},"22":{"loc":{"start":{"line":164,"column":17},"end":{"line":172,"column":17}},"type":"cond-expr","locations":[{"start":{"line":165,"column":18},"end":{"line":165,"column":65}},{"start":{"line":167,"column":18},"end":{"line":171,"column":25}}],"line":164},"23":{"loc":{"start":{"line":168,"column":21},"end":{"line":170,"column":61}},"type":"cond-expr","locations":[{"start":{"line":169,"column":24},"end":{"line":169,"column":59}},{"start":{"line":170,"column":24},"end":{"line":170,"column":61}}],"line":168},"24":{"loc":{"start":{"line":178,"column":16},"end":{"line":178,"column":58}},"type":"binary-expr","locations":[{"start":{"line":178,"column":16},"end":{"line":178,"column":30}},{"start":{"line":178,"column":34},"end":{"line":178,"column":58}}],"line":178},"25":{"loc":{"start":{"line":179,"column":16},"end":{"line":179,"column":64}},"type":"binary-expr","locations":[{"start":{"line":179,"column":16},"end":{"line":179,"column":35}},{"start":{"line":179,"column":39},"end":{"line":179,"column":64}}],"line":179},"26":{"loc":{"start":{"line":187,"column":18},"end":{"line":187,"column":64}},"type":"binary-expr","locations":[{"start":{"line":187,"column":18},"end":{"line":187,"column":32}},{"start":{"line":187,"column":36},"end":{"line":187,"column":64}}],"line":187},"27":{"loc":{"start":{"line":188,"column":18},"end":{"line":188,"column":70}},"type":"binary-expr","locations":[{"start":{"line":188,"column":18},"end":{"line":188,"column":37}},{"start":{"line":188,"column":41},"end":{"line":188,"column":70}}],"line":188},"28":{"loc":{"start":{"line":191,"column":17},"end":{"line":197,"column":58}},"type":"cond-expr","locations":[{"start":{"line":192,"column":20},"end":{"line":192,"column":53}},{"start":{"line":193,"column":20},"end":{"line":197,"column":58}}],"line":191},"29":{"loc":{"start":{"line":193,"column":20},"end":{"line":197,"column":58}},"type":"cond-expr","locations":[{"start":{"line":194,"column":22},"end":{"line":196,"column":60}},{"start":{"line":197,"column":22},"end":{"line":197,"column":58}}],"line":193},"30":{"loc":{"start":{"line":194,"column":22},"end":{"line":196,"column":60}},"type":"cond-expr","locations":[{"start":{"line":195,"column":24},"end":{"line":195,"column":43}},{"start":{"line":196,"column":24},"end":{"line":196,"column":60}}],"line":194}},"s":{"0":25,"1":25,"2":25,"3":25,"4":25,"5":25,"6":25,"7":25,"8":25,"9":25,"10":8,"11":8,"12":8,"13":8,"14":7,"15":7,"16":0,"17":7,"18":25,"19":8,"20":8,"21":25,"22":8,"23":8,"24":25,"25":8,"26":8,"27":1,"28":25,"29":5,"30":5,"31":5,"32":0,"33":5,"34":5,"35":25,"36":48,"37":25,"38":3,"39":0,"40":3,"41":3,"42":3,"43":2,"44":2,"45":1,"46":2,"47":1,"48":3,"49":25,"50":1,"51":0,"52":1,"53":1,"54":0,"55":0,"56":1,"57":1,"58":0,"59":1,"60":0,"61":25,"62":0,"63":0,"64":46,"65":39,"66":39,"67":5,"68":1},"f":{"0":25,"1":8,"2":7,"3":0,"4":8,"5":8,"6":8,"7":8,"8":8,"9":5,"10":5,"11":48,"12":3,"13":1,"14":0,"15":0,"16":0,"17":46,"18":39,"19":5},"b":{"0":[7,1],"1":[7,0],"2":[1,7],"3":[0,5],"4":[16,9],"5":[0,3],"6":[3,3],"7":[1,1],"8":[1,1],"9":[1,0],"10":[0,1],"11":[0,1],"12":[25,9],"13":[0,0],"14":[8,17],"15":[1,16],"16":[39,9],"17":[39,9],"18":[39,9],"19":[16,8],"20":[8,8,0],"21":[8,8],"22":[0,8],"23":[0,8],"24":[16,8],"25":[16,1],"26":[16,8],"27":[16,1],"28":[1,15],"29":[1,14],"30":[0,1]},"_coverageSchema":"1a1c01bbd47fc00a2c39e90264f33305004495a9","hash":"34e510769eb720981063600e1442480a5ec55053"}
,"/home/user/recipe-book/app/src/lib/api.ts": {"path":"/home/user/recipe-book/app/src/lib/api.ts","statementMap":{"0":{"start":{"line":12,"column":4},"end":{"line":12,"column":19}},"1":{"start":{"line":17,"column":2},"end":{"line":17,"column":57}},"2":{"start":{"line":20,"column":32},"end":{"line":20,"column":52}},"3":{"start":{"line":21,"column":2},"end":{"line":23,"column":3}},"4":{"start":{"line":22,"column":4},"end":{"line":22,"column":39}},"5":{"start":{"line":26,"column":2},"end":{"line":39,"column":3}},"6":{"start":{"line":27,"column":4},"end":{"line":34,"column":7}},"7":{"start":{"line":36,"column":4},"end":{"line":38,"column":6}},"8":{"start":{"line":41,"column":2},"end":{"line":52,"column":3}},"9":{"start":{"line":42,"column":17},"end":{"line":42,"column":19}},"10":{"start":{"line":43,"column":4},"end":{"line":47,"column":5}},"11":{"start":{"line":44,"column":6},"end":{"line":44,"column":52}},"12":{"start":{"line":48,"column":4},"end":{"line":50,"column":5}},"13":{"start":{"line":49,"column":6},"end":{"line":49,"column":82}},"14":{"start":{"line":51,"column":4},"end":{"line":51,"column":92}},"15":{"start":{"line":54,"column":2},"end":{"line":54,"column":53}},"16":{"start":{"line":54,"column":31},"end":{"line":54,"column":53}},"17":{"start":{"line":55,"column":2},"end":{"line":55,"column":38}},"18":{"start":{"line":59,"column":2},"end":{"line":59,"column":29}},"19":{"start":{"line":64,"column":2},"end":{"line":71,"column":5}},"20":{"start":{"line":76,"column":2},"end":{"line":76,"column":57}},"21":{"start":{"line":80,"column":2},"end":{"line":83,"column":5}}},"fnMap":{"0":{"name":"(anonymous_0)","decl":{"start":{"line":11,"column":2},"end":{"line":11,"column":3}},"loc":{"start":{"line":11,"column":57},"end":{"line":13,"column":3}},"line":11},"1":{"name":"request","decl":{"start":{"line":19,"column":15},"end":{"line":19,"column":22}},"loc":{"start":{"line":19,"column":76},"end":{"line":56,"column":1}},"line":19},"2":{"name":"fetchRecipes","decl":{"start":{"line":58,"column":16},"end":{"line":58,"column":28}},"loc":{"start":{"line":58,"column":50},"end":{"line":60,"column":1}},"line":58},"3":{"name":"pushRecipe","decl":{"start":{"line":63,"column":16},"end":{"line":63,"column":26}},"loc":{"start":{"line":63,"column":60},"end":{"line":72,"column":1}},"line":63},"4":{"name":"pushDelete","decl":{"start":{"line":75,"column":16},"end":{"line":75,"column":26}},"loc":{"start":{"line":75,"column":54},"end":{"line":77,"column":1}},"line":75},"5":{"name":"addToKeep","decl":{"start":{"line":79,"column":16},"end":{"line":79,"column":25}},"loc":{"start":{"line":79,"column":67},"end":{"line":84,"column":1}},"line":79}},"branchMap":{"0":{"loc":{"start":{"line":19,"column":40},"end":{"line":19,"column":62}},"type":"default-arg","locations":[{"start":{"line":19,"column":60},"end":{"line":19,"column":62}}],"line":19},"1":{"loc":{"start":{"line":21,"column":2},"end":{"line":23,"column":3}},"type":"if","locations":[{"start":{"line":21,"column":2},"end":{"line":23,"column":3}},{"start":{},"end":{}}],"line":21},"2":{"loc":{"start":{"line":21,"column":6},"end":{"line":21,"column":27}},"type":"binary-expr","locations":[{"start":{"line":21,"column":6},"end":{"line":21,"column":16}},{"start":{"line":21,"column":20},"end":{"line":21,"column":27}}],"line":21},"3":{"loc":{"start":{"line":41,"column":2},"end":{"line":52,"column":3}},"type":"if","locations":[{"start":{"line":41,"column":2},"end":{"line":52,"column":3}},{"start":{},"end":{}}],"line":41},"4":{"loc":{"start":{"line":44,"column":15},"end":{"line":44,"column":51}},"type":"binary-expr","locations":[{"start":{"line":44,"column":15},"end":{"line":44,"column":45}},{"start":{"line":44,"column":49},"end":{"line":44,"column":51}}],"line":44},"5":{"loc":{"start":{"line":48,"column":4},"end":{"line":50,"column":5}},"type":"if","locations":[{"start":{"line":48,"column":4},"end":{"line":50,"column":5}},{"start":{},"end":{}}],"line":48},"6":{"loc":{"start":{"line":51,"column":23},"end":{"line":51,"column":73}},"type":"binary-expr","locations":[{"start":{"line":51,"column":23},"end":{"line":51,"column":29}},{"start":{"line":51,"column":33},"end":{"line":51,"column":73}}],"line":51},"7":{"loc":{"start":{"line":54,"column":2},"end":{"line":54,"column":53}},"type":"if","locations":[{"start":{"line":54,"column":2},"end":{"line":54,"column":53}},{"start":{},"end":{}}],"line":54}},"s":{"0":11,"1":11,"2":11,"3":11,"4":2,"5":9,"6":9,"7":1,"8":8,"9":4,"10":4,"11":4,"12":4,"13":2,"14":2,"15":4,"16":1,"17":3,"18":8,"19":1,"20":1,"21":1},"f":{"0":11,"1":11,"2":8,"3":1,"4":1,"5":1},"b":{"0":[8],"1":[2,9],"2":[11,10],"3":[4,4],"4":[4,2],"5":[2,2],"6":[2,1],"7":[1,3]},"_coverageSchema":"1a1c01bbd47fc00a2c39e90264f33305004495a9","hash":"838ff09def13ad094a01ae76bf03edd26b44cfce"}
,"/home/user/recipe-book/app/src/lib/settings.ts": {"path":"/home/user/recipe-book/app/src/lib/settings.ts","statementMap":{"0":{"start":{"line":10,"column":12},"end":{"line":10,"column":34}},"1":{"start":{"line":13,"column":12},"end":{"line":13,"column":22}},"2":{"start":{"line":14,"column":2},"end":{"line":14,"column":22}},"3":{"start":{"line":14,"column":12},"end":{"line":14,"column":22}},"4":{"start":{"line":15,"column":2},"end":{"line":15,"column":56}},"5":{"start":{"line":15,"column":34},"end":{"line":15,"column":56}},"6":{"start":{"line":16,"column":2},"end":{"line":16,"column":33}},"7":{"start":{"line":19,"column":27},"end":{"line":19,"column":78}},"8":{"start":{"line":22,"column":14},"end":{"line":22,"column":45}},"9":{"start":{"line":23,"column":2},"end":{"line":23,"column":35}},"10":{"start":{"line":23,"column":12},"end":{"line":23,"column":35}},"11":{"start":{"line":24,"column":2},"end":{"line":33,"column":3}},"12":{"start":{"line":25,"column":19},"end":{"line":25,"column":34}},"13":{"start":{"line":26,"column":4},"end":{"line":30,"column":6}},"14":{"start":{"line":32,"column":4},"end":{"line":32,"column":27}},"15":{"start":{"line":37,"column":2},"end":{"line":44,"column":4}}},"fnMap":{"0":{"name":"normalizeServerUrl","decl":{"start":{"line":12,"column":16},"end":{"line":12,"column":34}},"loc":{"start":{"line":12,"column":56},"end":{"line":17,"column":1}},"line":12},"1":{"name":"loadSettings","decl":{"start":{"line":21,"column":22},"end":{"line":21,"column":34}},"loc":{"start":{"line":21,"column":56},"end":{"line":34,"column":1}},"line":21},"2":{"name":"saveSettings","decl":{"start":{"line":36,"column":22},"end":{"line":36,"column":34}},"loc":{"start":{"line":36,"column":70},"end":{"line":45,"column":1}},"line":36}},"branchMap":{"0":{"loc":{"start":{"line":14,"column":2},"end":{"line":14,"column":22}},"type":"if","locations":[{"start":{"line":14,"column":2},"end":{"line":14,"column":22}},{"start":{},"end":{}}],"line":14},"1":{"loc":{"start":{"line":15,"column":2},"end":{"line":15,"column":56}},"type":"if","locations":[{"start":{"line":15,"column":2},"end":{"line":15,"column":56}},{"start":{},"end":{}}],"line":15},"2":{"loc":{"start":{"line":23,"column":2},"end":{"line":23,"column":35}},"type":"if","locations":[{"start":{"line":23,"column":2},"end":{"line":23,"column":35}},{"start":{},"end":{}}],"line":23},"3":{"loc":{"start":{"line":28,"column":17},"end":{"line":28,"column":77}},"type":"cond-expr","locations":[{"start":{"line":28,"column":56},"end":{"line":28,"column":72}},{"start":{"line":28,"column":75},"end":{"line":28,"column":77}}],"line":28},"4":{"loc":{"start":{"line":29,"column":14},"end":{"line":29,"column":68}},"type":"cond-expr","locations":[{"start":{"line":29,"column":50},"end":{"line":29,"column":63}},{"start":{"line":29,"column":66},"end":{"line":29,"column":68}}],"line":29}},"s":{"0":14,"1":55,"2":55,"3":6,"4":49,"5":6,"6":49,"7":14,"8":56,"9":56,"10":8,"11":48,"12":48,"13":47,"14":1,"15":42},"f":{"0":55,"1":56,"2":42},"b":{"0":[6,49],"1":[6,43],"2":[8,48],"3":[46,1],"4":[46,1]},"_coverageSchema":"1a1c01bbd47fc00a2c39e90264f33305004495a9","hash":"fb4dda1e00036dccf894e2a9cb071136f5652422"}
,"/home/user/recipe-book/app/src/lib/store.ts": {"path":"/home/user/recipe-book/app/src/lib/store.ts","statementMap":{"0":{"start":{"line":25,"column":12},"end":{"line":25,"column":31}},"1":{"start":{"line":27,"column":29},"end":{"line":27,"column":33}},"2":{"start":{"line":28,"column":18},"end":{"line":28,"column":39}},"3":{"start":{"line":31,"column":16},"end":{"line":31,"column":34}},"4":{"start":{"line":32,"column":2},"end":{"line":36,"column":3}},"5":{"start":{"line":33,"column":4},"end":{"line":33,"column":45}},"6":{"start":{"line":35,"column":4},"end":{"line":35,"column":76}},"7":{"start":{"line":35,"column":17},"end":{"line":35,"column":18}},"8":{"start":{"line":35,"column":33},"end":{"line":35,"column":76}},"9":{"start":{"line":37,"column":2},"end":{"line":37,"column":38}},"10":{"start":{"line":38,"column":2},"end":{"line":38,"column":38}},"11":{"start":{"line":39,"column":14},"end":{"line":39,"column":71}},"12":{"start":{"line":39,"column":39},"end":{"line":39,"column":70}},"13":{"start":{"line":40,"column":2},"end":{"line":42,"column":71}},"14":{"start":{"line":46,"column":2},"end":{"line":46,"column":24}},"15":{"start":{"line":46,"column":12},"end":{"line":46,"column":24}},"16":{"start":{"line":47,"column":2},"end":{"line":56,"column":3}},"17":{"start":{"line":48,"column":16},"end":{"line":48,"column":47}},"18":{"start":{"line":49,"column":19},"end":{"line":49,"column":47}},"19":{"start":{"line":50,"column":4},"end":{"line":53,"column":6}},"20":{"start":{"line":55,"column":4},"end":{"line":55,"column":47}},"21":{"start":{"line":57,"column":2},"end":{"line":57,"column":14}},"22":{"start":{"line":61,"column":2},"end":{"line":61,"column":20}},"23":{"start":{"line":61,"column":13},"end":{"line":61,"column":20}},"24":{"start":{"line":62,"column":2},"end":{"line":62,"column":56}},"25":{"start":{"line":63,"column":2},"end":{"line":63,"column":34}},"26":{"start":{"line":63,"column":28},"end":{"line":63,"column":32}},"27":{"start":{"line":68,"column":2},"end":{"line":68,"column":20}},"28":{"start":{"line":69,"column":2},"end":{"line":69,"column":36}},"29":{"start":{"line":69,"column":15},"end":{"line":69,"column":35}},"30":{"start":{"line":73,"column":2},"end":{"line":73,"column":103}},"31":{"start":{"line":73,"column":37},"end":{"line":73,"column":101}},"32":{"start":{"line":77,"column":2},"end":{"line":77,"column":44}},"33":{"start":{"line":81,"column":2},"end":{"line":81,"column":65}},"34":{"start":{"line":81,"column":44},"end":{"line":81,"column":55}},"35":{"start":{"line":85,"column":16},"end":{"line":85,"column":28}},"36":{"start":{"line":86,"column":2},"end":{"line":86,"column":83}},"37":{"start":{"line":86,"column":37},"end":{"line":86,"column":44}},"38":{"start":{"line":94,"column":16},"end":{"line":94,"column":28}},"39":{"start":{"line":95,"column":25},"end":{"line":101,"column":3}},"40":{"start":{"line":102,"column":16},"end":{"line":102,"column":66}},"41":{"start":{"line":102,"column":47},"end":{"line":102,"column":65}},"42":{"start":{"line":103,"column":2},"end":{"line":104,"column":34}},"43":{"start":{"line":103,"column":18},"end":{"line":103,"column":48}},"44":{"start":{"line":104,"column":7},"end":{"line":104,"column":34}},"45":{"start":{"line":105,"column":2},"end":{"line":105,"column":18}},"46":{"start":{"line":106,"column":2},"end":{"line":106,"column":16}},"47":{"start":{"line":110,"column":16},"end":{"line":110,"column":28}},"48":{"start":{"line":111,"column":2},"end":{"line":111,"column":59}},"49":{"start":{"line":111,"column":46},"end":{"line":111,"column":57}},"50":{"start":{"line":112,"column":2},"end":{"line":112,"column":72}},"51":{"start":{"line":112,"column":42},"end":{"line":112,"column":72}},"52":{"start":{"line":113,"column":2},"end":{"line":113,"column":18}},"53":{"start":{"line":127,"column":16},"end":{"line":127,"column":28}},"54":{"start":{"line":128,"column":20},"end":{"line":128,"column":64}},"55":{"start":{"line":128,"column":53},"end":{"line":128,"column":62}},"56":{"start":{"line":129,"column":27},"end":{"line":129,"column":29}},"57":{"start":{"line":131,"column":2},"end":{"line":139,"column":3}},"58":{"start":{"line":132,"column":4},"end":{"line":132,"column":59}},"59":{"start":{"line":132,"column":50},"end":{"line":132,"column":59}},"60":{"start":{"line":133,"column":18},"end":{"line":133,"column":42}},"61":{"start":{"line":134,"column":4},"end":{"line":138,"column":5}},"62":{"start":{"line":135,"column":6},"end":{"line":135,"column":25}},"63":{"start":{"line":137,"column":6},"end":{"line":137,"column":47}},"64":{"start":{"line":140,"column":2},"end":{"line":144,"column":3}},"65":{"start":{"line":141,"column":4},"end":{"line":143,"column":5}},"66":{"start":{"line":141,"column":50},"end":{"line":141,"column":67}},"67":{"start":{"line":142,"column":6},"end":{"line":142,"column":25}},"68":{"start":{"line":146,"column":2},"end":{"line":146,"column":25}},"69":{"start":{"line":147,"column":2},"end":{"line":147,"column":18}},"70":{"start":{"line":152,"column":16},"end":{"line":152,"column":28}},"71":{"start":{"line":153,"column":16},"end":{"line":153,"column":66}},"72":{"start":{"line":153,"column":47},"end":{"line":153,"column":65}},"73":{"start":{"line":154,"column":2},"end":{"line":154,"column":69}},"74":{"start":{"line":154,"column":18},"end":{"line":154,"column":69}},"75":{"start":{"line":155,"column":2},"end":{"line":155,"column":18}},"76":{"start":{"line":159,"column":16},"end":{"line":159,"column":28}},"77":{"start":{"line":160,"column":2},"end":{"line":160,"column":70}},"78":{"start":{"line":160,"column":60},"end":{"line":160,"column":68}},"79":{"start":{"line":161,"column":2},"end":{"line":161,"column":18}},"80":{"start":{"line":165,"column":2},"end":{"line":165,"column":55}},"81":{"start":{"line":165,"column":46},"end":{"line":165,"column":53}},"82":{"start":{"line":169,"column":2},"end":{"line":169,"column":44}}},"fnMap":{"0":{"name":"uuid4","decl":{"start":{"line":30,"column":16},"end":{"line":30,"column":21}},"loc":{"start":{"line":30,"column":32},"end":{"line":43,"column":1}},"line":30},"1":{"name":"(anonymous_1)","decl":{"start":{"line":39,"column":32},"end":{"line":39,"column":33}},"loc":{"start":{"line":39,"column":39},"end":{"line":39,"column":70}},"line":39},"2":{"name":"load","decl":{"start":{"line":45,"column":15},"end":{"line":45,"column":19}},"loc":{"start":{"line":45,"column":42},"end":{"line":58,"column":1}},"line":45},"3":{"name":"persist","decl":{"start":{"line":60,"column":15},"end":{"line":60,"column":22}},"loc":{"start":{"line":60,"column":40},"end":{"line":64,"column":1}},"line":60},"4":{"name":"(anonymous_4)","decl":{"start":{"line":63,"column":20},"end":{"line":63,"column":21}},"loc":{"start":{"line":63,"column":28},"end":{"line":63,"column":32}},"line":63},"5":{"name":"subscribe","decl":{"start":{"line":67,"column":16},"end":{"line":67,"column":25}},"loc":{"start":{"line":67,"column":54},"end":{"line":70,"column":1}},"line":67},"6":{"name":"(anonymous_6)","decl":{"start":{"line":69,"column":9},"end":{"line":69,"column":10}},"loc":{"start":{"line":69,"column":15},"end":{"line":69,"column":35}},"line":69},"7":{"name":"sortByName","decl":{"start":{"line":72,"column":9},"end":{"line":72,"column":19}},"loc":{"start":{"line":72,"column":49},"end":{"line":74,"column":1}},"line":72},"8":{"name":"(anonymous_8)","decl":{"start":{"line":73,"column":27},"end":{"line":73,"column":28}},"loc":{"start":{"line":73,"column":37},"end":{"line":73,"column":101}},"line":73},"9":{"name":"getRecipes","decl":{"start":{"line":76,"column":22},"end":{"line":76,"column":32}},"loc":{"start":{"line":76,"column":54},"end":{"line":78,"column":1}},"line":76},"10":{"name":"getRecipe","decl":{"start":{"line":80,"column":22},"end":{"line":80,"column":31}},"loc":{"start":{"line":80,"column":68},"end":{"line":82,"column":1}},"line":80},"11":{"name":"(anonymous_11)","decl":{"start":{"line":81,"column":37},"end":{"line":81,"column":38}},"loc":{"start":{"line":81,"column":44},"end":{"line":81,"column":55}},"line":81},"12":{"name":"pendingCount","decl":{"start":{"line":84,"column":22},"end":{"line":84,"column":34}},"loc":{"start":{"line":84,"column":54},"end":{"line":87,"column":1}},"line":84},"13":{"name":"(anonymous_13)","decl":{"start":{"line":86,"column":30},"end":{"line":86,"column":31}},"loc":{"start":{"line":86,"column":37},"end":{"line":86,"column":44}},"line":86},"14":{"name":"upsertLocal","decl":{"start":{"line":89,"column":22},"end":{"line":89,"column":33}},"loc":{"start":{"line":93,"column":20},"end":{"line":107,"column":1}},"line":93},"15":{"name":"(anonymous_15)","decl":{"start":{"line":102,"column":40},"end":{"line":102,"column":41}},"loc":{"start":{"line":102,"column":47},"end":{"line":102,"column":65}},"line":102},"16":{"name":"deleteLocal","decl":{"start":{"line":109,"column":22},"end":{"line":109,"column":33}},"loc":{"start":{"line":109,"column":61},"end":{"line":114,"column":1}},"line":109},"17":{"name":"(anonymous_17)","decl":{"start":{"line":111,"column":39},"end":{"line":111,"column":40}},"loc":{"start":{"line":111,"column":46},"end":{"line":111,"column":57}},"line":111},"18":{"name":"mergeServerRecipes","decl":{"start":{"line":126,"column":22},"end":{"line":126,"column":40}},"loc":{"start":{"line":126,"column":81},"end":{"line":148,"column":1}},"line":126},"19":{"name":"(anonymous_19)","decl":{"start":{"line":128,"column":46},"end":{"line":128,"column":47}},"loc":{"start":{"line":128,"column":53},"end":{"line":128,"column":62}},"line":128},"20":{"name":"(anonymous_20)","decl":{"start":{"line":141,"column":43},"end":{"line":141,"column":44}},"loc":{"start":{"line":141,"column":50},"end":{"line":141,"column":67}},"line":141},"21":{"name":"markSynced","decl":{"start":{"line":151,"column":22},"end":{"line":151,"column":32}},"loc":{"start":{"line":151,"column":64},"end":{"line":156,"column":1}},"line":151},"22":{"name":"(anonymous_22)","decl":{"start":{"line":153,"column":40},"end":{"line":153,"column":41}},"loc":{"start":{"line":153,"column":47},"end":{"line":153,"column":65}},"line":153},"23":{"name":"clearPendingDelete","decl":{"start":{"line":158,"column":22},"end":{"line":158,"column":40}},"loc":{"start":{"line":158,"column":68},"end":{"line":162,"column":1}},"line":158},"24":{"name":"(anonymous_24)","decl":{"start":{"line":160,"column":53},"end":{"line":160,"column":54}},"loc":{"start":{"line":160,"column":60},"end":{"line":160,"column":68}},"line":160},"25":{"name":"dirtyRecipes","decl":{"start":{"line":164,"column":22},"end":{"line":164,"column":34}},"loc":{"start":{"line":164,"column":56},"end":{"line":166,"column":1}},"line":164},"26":{"name":"(anonymous_26)","decl":{"start":{"line":165,"column":39},"end":{"line":165,"column":40}},"loc":{"start":{"line":165,"column":46},"end":{"line":165,"column":53}},"line":165},"27":{"name":"pendingDeletes","decl":{"start":{"line":168,"column":22},"end":{"line":168,"column":36}},"loc":{"start":{"line":168,"column":58},"end":{"line":170,"column":1}},"line":168}},"branchMap":{"0":{"loc":{"start":{"line":32,"column":2},"end":{"line":36,"column":3}},"type":"if","locations":[{"start":{"line":32,"column":2},"end":{"line":36,"column":3}},{"start":{"line":34,"column":9},"end":{"line":36,"column":3}}],"line":32},"1":{"loc":{"start":{"line":46,"column":2},"end":{"line":46,"column":24}},"type":"if","locations":[{"start":{"line":46,"column":2},"end":{"line":46,"column":24}},{"start":{},"end":{}}],"line":46},"2":{"loc":{"start":{"line":49,"column":19},"end":{"line":49,"column":47}},"type":"cond-expr","locations":[{"start":{"line":49,"column":25},"end":{"line":49,"column":40}},{"start":{"line":49,"column":43},"end":{"line":49,"column":47}}],"line":49},"3":{"loc":{"start":{"line":51,"column":15},"end":{"line":51,"column":67}},"type":"cond-expr","locations":[{"start":{"line":51,"column":48},"end":{"line":51,"column":62}},{"start":{"line":51,"column":65},"end":{"line":51,"column":67}}],"line":51},"4":{"loc":{"start":{"line":52,"column":22},"end":{"line":52,"column":88}},"type":"cond-expr","locations":[{"start":{"line":52,"column":62},"end":{"line":52,"column":83}},{"start":{"line":52,"column":86},"end":{"line":52,"column":88}}],"line":52},"5":{"loc":{"start":{"line":61,"column":2},"end":{"line":61,"column":20}},"type":"if","locations":[{"start":{"line":61,"column":2},"end":{"line":61,"column":20}},{"start":{},"end":{}}],"line":61},"6":{"loc":{"start":{"line":81,"column":9},"end":{"line":81,"column":64}},"type":"binary-expr","locations":[{"start":{"line":81,"column":9},"end":{"line":81,"column":56}},{"start":{"line":81,"column":60},"end":{"line":81,"column":64}}],"line":81},"7":{"loc":{"start":{"line":96,"column":8},"end":{"line":96,"column":27}},"type":"binary-expr","locations":[{"start":{"line":96,"column":8},"end":{"line":96,"column":16}},{"start":{"line":96,"column":20},"end":{"line":96,"column":27}}],"line":96},"8":{"loc":{"start":{"line":103,"column":2},"end":{"line":104,"column":34}},"type":"if","locations":[{"start":{"line":103,"column":2},"end":{"line":104,"column":34}},{"start":{"line":104,"column":7},"end":{"line":104,"column":34}}],"line":103},"9":{"loc":{"start":{"line":112,"column":2},"end":{"line":112,"column":72}},"type":"if","locations":[{"start":{"line":112,"column":2},"end":{"line":112,"column":72}},{"start":{},"end":{}}],"line":112},"10":{"loc":{"start":{"line":132,"column":4},"end":{"line":132,"column":59}},"type":"if","locations":[{"start":{"line":132,"column":4},"end":{"line":132,"column":59}},{"start":{},"end":{}}],"line":132},"11":{"loc":{"start":{"line":134,"column":4},"end":{"line":138,"column":5}},"type":"if","locations":[{"start":{"line":134,"column":4},"end":{"line":138,"column":5}},{"start":{"line":136,"column":11},"end":{"line":138,"column":5}}],"line":134},"12":{"loc":{"start":{"line":134,"column":8},"end":{"line":134,"column":61}},"type":"binary-expr","locations":[{"start":{"line":134,"column":8},"end":{"line":134,"column":20}},{"start":{"line":134,"column":24},"end":{"line":134,"column":61}}],"line":134},"13":{"loc":{"start":{"line":141,"column":4},"end":{"line":143,"column":5}},"type":"if","locations":[{"start":{"line":141,"column":4},"end":{"line":143,"column":5}},{"start":{},"end":{}}],"line":141},"14":{"loc":{"start":{"line":141,"column":8},"end":{"line":141,"column":68}},"type":"binary-expr","locations":[{"start":{"line":141,"column":8},"end":{"line":141,"column":19}},{"start":{"line":141,"column":23},"end":{"line":141,"column":68}}],"line":141},"15":{"loc":{"start":{"line":154,"column":2},"end":{"line":154,"column":69}},"type":"if","locations":[{"start":{"line":154,"column":2},"end":{"line":154,"column":69}},{"start":{},"end":{}}],"line":154}},"s":{"0":31,"1":31,"2":31,"3":244,"4":244,"5":244,"6":0,"7":0,"8":0,"9":244,"10":244,"11":244,"12":3904,"13":244,"14":152,"15":123,"16":29,"17":29,"18":29,"19":29,"20":0,"21":29,"22":75,"23":0,"24":75,"25":75,"26":2,"27":16,"28":16,"29":16,"30":16,"31":67,"32":16,"33":25,"34":52,"35":19,"36":19,"37":43,"38":45,"39":45,"40":45,"41":54,"42":45,"43":2,"44":43,"45":45,"46":45,"47":10,"48":10,"49":18,"50":10,"51":9,"52":10,"53":14,"54":14,"55":9,"56":14,"57":14,"58":8,"59":1,"60":7,"61":7,"62":2,"63":5,"64":14,"65":9,"66":5,"67":5,"68":14,"69":14,"70":4,"71":4,"72":6,"73":4,"74":4,"75":4,"76":2,"77":2,"78":3,"79":2,"80":7,"81":7,"82":10},"f":{"0":244,"1":3904,"2":152,"3":75,"4":2,"5":16,"6":16,"7":16,"8":67,"9":16,"10":25,"11":52,"12":19,"13":43,"14":45,"15":54,"16":10,"17":18,"18":14,"19":9,"20":5,"21":4,"22":6,"23":2,"24":3,"25":7,"26":7,"27":10},"b":{"0":[244,0],"1":[123,29],"2":[0,29],"3":[0,29],"4":[0,29],"5":[0,75],"6":[25,4],"7":[45,43],"8":[2,43],"9":[9,1],"10":[1,7],"11":[2,5],"12":[7,3],"13":[5,4],"14":[9,8],"15":[4,0]},"_coverageSchema":"1a1c01bbd47fc00a2c39e90264f33305004495a9","hash":"e308f75d460b8ab9d9934a75f031e880db50a7bb"}
,"/home/user/recipe-book/app/src/lib/sync.ts": {"path":"/home/user/recipe-book/app/src/lib/sync.ts","statementMap":{"0":{"start":{"line":19,"column":43},"end":{"line":19,"column":47}},"1":{"start":{"line":20,"column":18},"end":{"line":20,"column":19}},"2":{"start":{"line":28,"column":2},"end":{"line":32,"column":3}},"3":{"start":{"line":29,"column":4},"end":{"line":31,"column":7}},"4":{"start":{"line":30,"column":6},"end":{"line":30,"column":22}},"5":{"start":{"line":33,"column":2},"end":{"line":33,"column":18}},"6":{"start":{"line":38,"column":2},"end":{"line":38,"column":73}},"7":{"start":{"line":38,"column":61},"end":{"line":38,"column":73}},"8":{"start":{"line":39,"column":2},"end":{"line":39,"column":19}},"9":{"start":{"line":43,"column":2},"end":{"line":43,"column":27}},"10":{"start":{"line":47,"column":2},"end":{"line":49,"column":3}},"11":{"start":{"line":48,"column":4},"end":{"line":48,"column":36}},"12":{"start":{"line":51,"column":2},"end":{"line":80,"column":3}},"13":{"start":{"line":53,"column":4},"end":{"line":53,"column":51}},"14":{"start":{"line":57,"column":4},"end":{"line":63,"column":5}},"15":{"start":{"line":58,"column":6},"end":{"line":62,"column":7}},"16":{"start":{"line":59,"column":8},"end":{"line":59,"column":51}},"17":{"start":{"line":61,"column":8},"end":{"line":61,"column":62}},"18":{"start":{"line":64,"column":4},"end":{"line":71,"column":5}},"19":{"start":{"line":65,"column":6},"end":{"line":70,"column":7}},"20":{"start":{"line":66,"column":8},"end":{"line":66,"column":29}},"21":{"start":{"line":67,"column":8},"end":{"line":67,"column":37}},"22":{"start":{"line":69,"column":8},"end":{"line":69,"column":62}},"23":{"start":{"line":73,"column":4},"end":{"line":73,"column":64}},"24":{"start":{"line":75,"column":4},"end":{"line":79,"column":6}}},"fnMap":{"0":{"name":"syncNow","decl":{"start":{"line":27,"column":16},"end":{"line":27,"column":23}},"loc":{"start":{"line":27,"column":47},"end":{"line":34,"column":1}},"line":27},"1":{"name":"(anonymous_1)","decl":{"start":{"line":29,"column":29},"end":{"line":29,"column":30}},"loc":{"start":{"line":29,"column":35},"end":{"line":31,"column":5}},"line":29},"2":{"name":"maybeSync","decl":{"start":{"line":37,"column":16},"end":{"line":37,"column":25}},"loc":{"start":{"line":37,"column":78},"end":{"line":40,"column":1}},"line":37},"3":{"name":"run","decl":{"start":{"line":42,"column":15},"end":{"line":42,"column":18}},"loc":{"start":{"line":42,"column":42},"end":{"line":81,"column":1}},"line":42}},"branchMap":{"0":{"loc":{"start":{"line":28,"column":2},"end":{"line":32,"column":3}},"type":"if","locations":[{"start":{"line":28,"column":2},"end":{"line":32,"column":3}},{"start":{},"end":{}}],"line":28},"1":{"loc":{"start":{"line":37,"column":26},"end":{"line":37,"column":48}},"type":"default-arg","locations":[{"start":{"line":37,"column":42},"end":{"line":37,"column":48}}],"line":37},"2":{"loc":{"start":{"line":38,"column":2},"end":{"line":38,"column":73}},"type":"if","locations":[{"start":{"line":38,"column":2},"end":{"line":38,"column":73}},{"start":{},"end":{}}],"line":38},"3":{"loc":{"start":{"line":38,"column":6},"end":{"line":38,"column":59}},"type":"binary-expr","locations":[{"start":{"line":38,"column":6},"end":{"line":38,"column":15}},{"start":{"line":38,"column":19},"end":{"line":38,"column":59}}],"line":38},"4":{"loc":{"start":{"line":47,"column":2},"end":{"line":49,"column":3}},"type":"if","locations":[{"start":{"line":47,"column":2},"end":{"line":49,"column":3}},{"start":{},"end":{}}],"line":47},"5":{"loc":{"start":{"line":61,"column":16},"end":{"line":61,"column":61}},"type":"cond-expr","locations":[{"start":{"line":61,"column":40},"end":{"line":61,"column":49}},{"start":{"line":61,"column":52},"end":{"line":61,"column":61}}],"line":61},"6":{"loc":{"start":{"line":69,"column":16},"end":{"line":69,"column":61}},"type":"cond-expr","locations":[{"start":{"line":69,"column":40},"end":{"line":69,"column":49}},{"start":{"line":69,"column":52},"end":{"line":69,"column":61}}],"line":69},"7":{"loc":{"start":{"line":78,"column":13},"end":{"line":78,"column":58}},"type":"cond-expr","locations":[{"start":{"line":78,"column":37},"end":{"line":78,"column":46}},{"start":{"line":78,"column":49},"end":{"line":78,"column":58}}],"line":78}},"s":{"0":9,"1":9,"2":11,"3":10,"4":10,"5":11,"6":2,"7":1,"8":1,"9":10,"10":10,"11":2,"12":8,"13":8,"14":6,"15":4,"16":4,"17":1,"18":6,"19":2,"20":2,"21":1,"22":1,"23":6,"24":2},"f":{"0":11,"1":10,"2":2,"3":10},"b":{"0":[10,1],"1":[2],"2":[1,1],"3":[2,2],"4":[2,8],"5":[1,0],"6":[1,0],"7":[1,1]},"_coverageSchema":"1a1c01bbd47fc00a2c39e90264f33305004495a9","hash":"0129402cf2fbea222d2a2133ad3f5487846a2751"}
,"/home/user/recipe-book/app/src/lib/theme.ts": {"path":"/home/user/recipe-book/app/src/lib/theme.ts","statementMap":{"0":{"start":{"line":1,"column":22},"end":{"line":11,"column":1}}},"fnMap":{},"branchMap":{},"s":{"0":4},"f":{},"b":{},"_coverageSchema":"1a1c01bbd47fc00a2c39e90264f33305004495a9","hash":"1a3744eccf235fb031eaf3f1e6446dbf289d38e8"}
}
