TN:
SF:src/app/_layout.tsx
FN:9,RootLayout
FN:11,(anonymous_1)
FN:13,(anonymous_2)
FN:16,(anonymous_3)
FNF:4
FNH:0
FNDA:0,RootLayout
FNDA:0,(anonymous_1)
FNDA:0,(anonymous_2)
FNDA:0,(anonymous_3)
DA:11,0
DA:12,0
DA:13,0
DA:14,0
DA:16,0
DA:19,0
LF:6
LH:0
BRDA:14,0,0,0
BRDA:14,0,1,0
BRF:2
BRH:0
end_of_record
TN:
SF:src/app/edit.tsx
FN:19,EditRecipeScreen
FN:28,(anonymous_1)
FN:31,(anonymous_2)
FN:37,(anonymous_3)
FN:40,(anonymous_4)
FN:48,(anonymous_5)
FNF:6
FNH:6
FNDA:8,EditRecipeScreen
FNDA:3,(anonymous_1)
FNDA:1,(anonymous_2)
FNDA:1,(anonymous_3)
FNDA:3,(anonymous_4)
FNDA:6,(anonymous_5)
DA:20,8
DA:21,8
DA:22,8
DA:24,8
DA:25,8
DA:26,8
DA:28,8
DA:29,3
DA:30,1
DA:32,1
DA:33,1
DA:34,1
DA:37,1
DA:40,8
DA:41,3
DA:42,3
DA:43,1
DA:44,1
DA:46,2
DA:48,6
DA:53,2
DA:54,2
DA:55,2
DA:58,8
DA:97,1
LF:25
LH:25
BRDA:29,0,0,2
BRDA:29,0,1,1
BRDA:32,1,0,1
BRDA:32,1,1,0
BRDA:42,2,0,1
BRDA:42,2,1,2
BRDA:53,3,0,1
BRDA:53,3,1,1
BRDA:61,4,0,8
BRDA:61,4,1,0
BRDA:63,5,0,3
BRDA:63,5,1,5
BRDA:64,6,0,1
BRDA:64,6,1,7
BRF:14
BRH:12
end_of_record
TN:
SF:src/app/index.tsx
FN:18,RecipeListScreen
FN:26,(anonymous_1)
FN:32,(anonymous_2)
FN:39,(anonymous_3)
FN:40,(anonymous_4)
FN:47,(anonymous_5)
FN:54,(anonymous_6)
FN:60,(anonymous_7)
FN:87,(anonymous_8)
FN:95,(anonymous_9)
FN:98,(anonymous_10)
FN:99,(anonymous_11)
FNF:12
FNH:12
FNDA:16,RecipeListScreen
FNDA:8,(anonymous_1)
FNDA:7,(anonymous_2)
FNDA:7,(anonymous_3)
FNDA:7,(anonymous_4)
FNDA:1,(anonymous_5)
FNDA:1,(anonymous_6)
FNDA:1,(anonymous_7)
FNDA:45,(anonymous_8)
FNDA:38,(anonymous_9)
FNDA:1,(anonymous_10)
FNDA:1,(anonymous_11)
DA:19,16
DA:20,16
DA:21,16
DA:22,16
DA:23,16
DA:24,16
DA:26,16
DA:27,8
DA:28,8
DA:32,16
DA:33,7
DA:34,7
DA:38,16
DA:40,7
DA:41,7
DA:42,7
DA:47,16
DA:48,1
DA:49,1
DA:50,1
DA:51,1
DA:54,16
DA:55,1
DA:61,1
DA:62,1
DA:68,16
DA:70,16
DA:87,45
DA:96,38
DA:98,1
DA:99,1
DA:129,1
LF:32
LH:32
BRDA:42,0,0,5
BRDA:42,0,1,2
BRDA:50,1,0,0
BRDA:50,1,1,1
BRDA:50,2,0,1
BRDA:50,2,1,0
BRDA:68,3,0,16
BRDA:68,3,1,3
BRDA:68,3,2,0
BRDA:72,4,0,16
BRDA:72,4,1,3
BRDA:75,5,0,0
BRDA:75,5,1,3
BRDA:77,6,0,3
BRDA:77,6,1,0
BRDA:78,7,0,0
BRDA:78,7,1,3
BRDA:81,8,0,3
BRDA:81,8,1,3
BRDA:81,8,2,1
BRDA:88,9,0,8
BRDA:88,9,1,8
BRDA:103,10,0,38
BRDA:103,10,1,38
BRDA:107,11,0,8
BRDA:107,11,1,30
BRF:26
BRH:20
end_of_record
TN:
SF:src/app/settings.tsx
FN:20,SettingsScreen
FN:28,(anonymous_1)
FN:29,(anonymous_2)
FN:37,(anonymous_3)
FN:48,(anonymous_4)
FN:54,(anonymous_5)
FN:143,(anonymous_6)
FN:144,(anonymous_7)
FNF:8
FNH:7
FNDA:33,SettingsScreen
FNDA:10,(anonymous_1)
FNDA:10,(anonymous_2)
FNDA:2,(anonymous_3)
FNDA:1,(anonymous_4)
FNDA:6,(anonymous_5)
FNDA:1,(anonymous_6)
FNDA:0,(anonymous_7)
DA:21,33
DA:22,33
DA:23,33
DA:24,33
DA:25,33
DA:26,33
DA:28,33
DA:29,10
DA:30,10
DA:31,10
DA:32,10
DA:33,10
DA:37,33
DA:38,2
DA:39,2
DA:40,2
DA:41,2
DA:43,0
DA:44,0
DA:48,33
DA:49,1
DA:50,1
DA:51,1
DA:54,33
DA:55,6
DA:56,6
DA:57,1
DA:58,1
DA:60,5
DA:61,5
DA:62,5
DA:63,5
DA:66,4
DA:67,1
DA:68,3
DA:69,1
DA:71,2
DA:72,2
DA:73,2
DA:80,1
DA:82,5
DA:86,33
DA:88,23
DA:144,1
DA:170,1
LF:45
LH:43
BRDA:41,0,0,1
BRDA:41,0,1,1
BRDA:56,1,0,1
BRDA:56,1,1,5
BRDA:66,2,0,1
BRDA:66,2,1,3
BRDA:68,3,0,1
BRDA:68,3,1,2
BRDA:74,4,0,1
BRDA:74,4,1,1
BRDA:86,5,0,10
BRDA:86,5,1,23
BRDA:91,6,0,23
BRDA:91,6,1,0
BRDA:111,7,0,23
BRDA:111,7,1,20
BRDA:155,8,0,2
BRDA:155,8,1,18
BRDA:162,9,0,20
BRDA:162,9,1,7
BRF:20
BRH:19
end_of_record
TN:
SF:src/app/recipe/[id].tsx
FN:19,RecipeScreen
FN:31,(anonymous_1)
FN:36,(anonymous_2)
FN:37,(anonymous_3)
FN:43,(anonymous_4)
FN:49,(anonymous_5)
FN:50,(anonymous_6)
FN:55,(anonymous_7)
FN:55,(anonymous_8)
FN:61,(anonymous_9)
FN:62,(anonymous_10)
FN:71,(anonymous_11)
FN:74,(anonymous_12)
FN:95,(anonymous_13)
FN:105,(anonymous_14)
FN:113,(anonymous_15)
FN:117,(anonymous_16)
FN:138,(anonymous_17)
FN:140,(anonymous_18)
FN:143,(anonymous_19)
FNF:20
FNH:16
FNDA:25,RecipeScreen
FNDA:8,(anonymous_1)
FNDA:7,(anonymous_2)
FNDA:0,(anonymous_3)
FNDA:8,(anonymous_4)
FNDA:8,(anonymous_5)
FNDA:8,(anonymous_6)
FNDA:8,(anonymous_7)
FNDA:8,(anonymous_8)
FNDA:5,(anonymous_9)
FNDA:5,(anonymous_10)
FNDA:48,(anonymous_11)
FNDA:3,(anonymous_12)
FNDA:1,(anonymous_13)
FNDA:0,(anonymous_14)
FNDA:0,(anonymous_15)
FNDA:0,(anonymous_16)
FNDA:46,(anonymous_17)
FNDA:39,(anonymous_18)
FNDA:5,(anonymous_19)
DA:20,25
DA:21,25
DA:22,25
DA:23,25
DA:25,25
DA:26,25
DA:27,25
DA:28,25
DA:29,25
DA:31,25
DA:32,8
DA:33,8
DA:34,8
DA:35,8
DA:36,7
DA:37,7
DA:38,7
DA:43,25
DA:44,8
DA:45,8
DA:48,25
DA:50,8
DA:54,25
DA:55,8
DA:56,8
DA:61,25
DA:62,5
DA:63,5
DA:64,5
DA:65,5
DA:66,5
DA:70,25
DA:71,48
DA:74,25
DA:75,3
DA:76,3
DA:77,3
DA:78,3
DA:79,2
DA:80,2
DA:81,1
DA:85,2
DA:87,1
DA:89,3
DA:95,25
DA:96,1
DA:97,1
DA:98,1
DA:100,0
DA:101,0
DA:103,1
DA:104,1
DA:105,1
DA:108,25
DA:114,0
DA:117,0
DA:138,46
DA:141,39
DA:142,39
DA:143,5
DA:207,1
LF:61
LH:57
BRDA:35,0,0,7
BRDA:35,0,1,1
BRDA:38,1,0,7
BRDA:38,1,1,0
BRDA:56,2,0,1
BRDA:56,2,1,7
BRDA:64,3,0,0
BRDA:64,3,1,5
BRDA:70,4,0,16
BRDA:70,4,1,9
BRDA:75,5,0,0
BRDA:75,5,1,3
BRDA:75,6,0,3
BRDA:75,6,1,3
BRDA:79,7,0,1
BRDA:79,7,1,1
BRDA:80,8,0,1
BRDA:80,8,1,1
BRDA:87,9,0,1
BRDA:87,9,1,0
BRDA:96,10,0,0
BRDA:96,10,1,1
BRDA:104,11,0,0
BRDA:104,11,1,1
BRDA:112,12,0,25
BRDA:112,12,1,9
BRDA:114,13,0,0
BRDA:114,13,1,0
BRDA:125,14,0,8
BRDA:125,14,1,17
BRDA:129,15,0,1
BRDA:129,15,1,16
BRDA:144,16,0,39
BRDA:144,16,1,9
BRDA:145,17,0,39
BRDA:145,17,1,9
BRDA:147,18,0,39
BRDA:147,18,1,9
BRDA:155,19,0,16
BRDA:155,19,1,8
BRDA:159,20,0,8
BRDA:159,20,1,8
BRDA:159,20,2,0
BRDA:161,21,0,8
BRDA:161,21,1,8
BRDA:164,22,0,0
BRDA:164,22,1,8
BRDA:168,23,0,0
BRDA:168,23,1,8
BRDA:178,24,0,16
BRDA:178,24,1,8
BRDA:179,25,0,16
BRDA:179,25,1,1
BRDA:187,26,0,16
BRDA:187,26,1,8
BRDA:188,27,0,16
BRDA:188,27,1,1
BRDA:191,28,0,1
BRDA:191,28,1,15
BRDA:193,29,0,1
BRDA:193,29,1,14
BRDA:194,30,0,0
BRDA:194,30,1,1
BRF:63
BRH:51
end_of_record
TN:
SF:src/lib/api.ts
FN:11,(anonymous_0)
FN:19,request
FN:58,fetchRecipes
FN:63,pushRecipe
FN:75,pushDelete
FN:79,addToKeep
FNF:6
FNH:6
FNDA:11,(anonymous_0)
FNDA:11,request
FNDA:8,fetchRecipes
FNDA:1,pushRecipe
FNDA:1,pushDelete
FNDA:1,addToKeep
DA:12,11
DA:17,11
DA:20,11
DA:21,11
DA:22,2
DA:26,9
DA:27,9
DA:36,1
DA:41,8
DA:42,4
DA:43,4
DA:44,4
DA:48,4
DA:49,2
DA:51,2
DA:54,4
DA:55,3
DA:59,8
DA:64,1
DA:76,1
DA:80,1
LF:21
LH:21
BRDA:19,0,0,8
BRDA:21,1,0,2
BRDA:21,1,1,9
BRDA:21,2,0,11
BRDA:21,2,1,10
BRDA:41,3,0,4
BRDA:41,3,1,4
BRDA:44,4,0,4
BRDA:44,4,1,2
BRDA:48,5,0,2
BRDA:48,5,1,2
BRDA:51,6,0,2
BRDA:51,6,1,1
BRDA:54,7,0,1
BRDA:54,7,1,3
BRF:15
BRH:15
end_of_record
TN:
SF:src/lib/settings.ts
FN:12,normalizeServerUrl
FN:21,loadSettings
FN:36,saveSettings
FNF:3
FNH:3
FNDA:55,normalizeServerUrl
FNDA:56,loadSettings
FNDA:42,saveSettings
DA:10,14
DA:13,55
DA:14,55
DA:15,49
DA:16,49
DA:19,14
DA:22,56
DA:23,56
DA:24,48
DA:25,48
DA:26,47
DA:32,1
DA:37,42
LF:13
LH:13
BRDA:14,0,0,6
BRDA:14,0,1,49
BRDA:15,1,0,6
BRDA:15,1,1,43
BRDA:23,2,0,8
BRDA:23,2,1,48
BRDA:28,3,0,46
BRDA:28,3,1,1
BRDA:29,4,0,46
BRDA:29,4,1,1
BRF:10
BRH:10
end_of_record
TN:
SF:src/lib/store.ts
FN:30,uuid4
FN:39,(anonymous_1)
FN:45,load
FN:60,persist
FN:63,(anonymous_4)
FN:67,subscribe
FN:69,(anonymous_6)
FN:72,sortByName
FN:73,(anonymous_8)
FN:76,getRecipes
FN:80,getRecipe
FN:81,(anonymous_11)
FN:84,pendingCount
FN:86,(anonymous_13)
FN:89,upsertLocal
FN:102,(anonymous_15)
FN:109,deleteLocal
FN:111,(anonymous_17)
FN:126,mergeServerRecipes
FN:128,(anonymous_19)
FN:141,(anonymous_20)
FN:151,markSynced
FN:153,(anonymous_22)
FN:158,clearPendingDelete
FN:160,(anonymous_24)
FN:164,dirtyRecipes
FN:165,(anonymous_26)
FN:168,pendingDeletes
FNF:28
FNH:28
FNDA:244,uuid4
FNDA:3904,(anonymous_1)
FNDA:152,load
FNDA:75,persist
FNDA:2,(anonymous_4)
FNDA:16,subscribe
FNDA:16,(anonymous_6)
FNDA:16,sortByName
FNDA:67,(anonymous_8)
FNDA:16,getRecipes
FNDA:25,getRecipe
FNDA:52,(anonymous_11)
FNDA:19,pendingCount
FNDA:43,(anonymous_13)
FNDA:45,upsertLocal
FNDA:54,(anonymous_15)
FNDA:10,deleteLocal
FNDA:18,(anonymous_17)
FNDA:14,mergeServerRecipes
FNDA:9,(anonymous_19)
FNDA:5,(anonymous_20)
FNDA:4,markSynced
FNDA:6,(anonymous_22)
FNDA:2,clearPendingDelete
FNDA:3,(anonymous_24)
FNDA:7,dirtyRecipes
FNDA:7,(anonymous_26)
FNDA:10,pendingDeletes
DA:25,31
DA:27,31
DA:28,31
DA:31,244
DA:32,244
DA:33,244
DA:35,0
DA:37,244
DA:38,244
DA:39,3904
DA:40,244
DA:46,152
DA:47,29
DA:48,29
DA:49,29
DA:50,29
DA:55,0
DA:57,29
DA:61,75
DA:62,75
DA:63,75
DA:68,16
DA:69,16
DA:73,67
DA:77,16
DA:81,52
DA:85,19
DA:86,43
DA:94,45
DA:95,45
DA:102,54
DA:103,45
DA:104,43
DA:105,45
DA:106,45
DA:110,10
DA:111,18
DA:112,10
DA:113,10
DA:127,14
DA:128,14
DA:129,14
DA:131,14
DA:132,8
DA:133,7
DA:134,7
DA:135,2
DA:137,5
DA:140,14
DA:141,9
DA:142,5
DA:146,14
DA:147,14
DA:152,4
DA:153,6
DA:154,4
DA:155,4
DA:159,2
DA:160,3
DA:161,2
DA:165,7
DA:169,10
LF:62
LH:60
BRDA:32,0,0,244
BRDA:32,0,1,0
BRDA:46,1,0,123
BRDA:46,1,1,29
BRDA:49,2,0,0
BRDA:49,2,1,29
BRDA:51,3,0,0
BRDA:51,3,1,29
BRDA:52,4,0,0
BRDA:52,4,1,29
BRDA:61,5,0,0
BRDA:61,5,1,75
BRDA:81,6,0,25
BRDA:81,6,1,4
BRDA:96,7,0,45
BRDA:96,7,1,43
BRDA:103,8,0,2
BRDA:103,8,1,43
BRDA:112,9,0,9
BRDA:112,9,1,1
BRDA:132,10,0,1
BRDA:132,10,1,7
BRDA:134,11,0,2
BRDA:134,11,1,5
BRDA:134,12,0,7
BRDA:134,12,1,3
BRDA:141,13,0,5
BRDA:141,13,1,4
BRDA:141,14,0,9
BRDA:141,14,1,8
BRDA:154,15,0,4
BRDA:154,15,1,0
BRF:32
BRH:26
end_of_record
TN:
SF:src/lib/sync.ts
FN:27,syncNow
FN:29,(anonymous_1)
FN:37,maybeSync
FN:42,run
FNF:4
FNH:4
FNDA:11,syncNow
FNDA:10,(anonymous_1)
FNDA:2,maybeSync
FNDA:10,run
DA:19,9
DA:20,9
DA:28,11
DA:29,10
DA:30,10
DA:33,11
DA:38,2
DA:39,1
DA:43,10
DA:47,10
DA:48,2
DA:51,8
DA:53,8
DA:57,6
DA:58,4
DA:59,4
DA:61,1
DA:64,6
DA:65,2
DA:66,2
DA:67,1
DA:69,1
DA:73,6
DA:75,2
LF:24
LH:24
BRDA:28,0,0,10
BRDA:28,0,1,1
BRDA:37,1,0,2
BRDA:38,2,0,1
BRDA:38,2,1,1
BRDA:38,3,0,2
BRDA:38,3,1,2
BRDA:47,4,0,2
BRDA:47,4,1,8
BRDA:61,5,0,1
BRDA:61,5,1,0
BRDA:69,6,0,1
BRDA:69,6,1,0
BRDA:78,7,0,1
BRDA:78,7,1,1
BRF:15
BRH:13
end_of_record
TN:
SF:src/lib/theme.ts
FNF:0
FNH:0
DA:1,4
LF:1
LH:1
BRF:0
BRH:0
end_of_record
